SF:lib\features\company\domain\entities\company.dart
DA:22,1
LF:1
LH:1
end_of_record
SF:lib\features\company\domain\entities\user.dart
DA:7,1
LF:1
LH:1
end_of_record
SF:lib\features\company\presentation\providers\company_provider.dart
DA:28,1
DA:54,0
DA:56,0
DA:57,0
DA:60,0
DA:61,0
DA:64,0
DA:65,0
DA:66,0
DA:67,0
DA:68,0
DA:69,0
DA:70,0
DA:71,0
DA:106,0
DA:107,0
DA:108,0
DA:109,0
DA:110,0
DA:111,0
DA:112,0
DA:116,0
DA:117,0
DA:118,0
DA:119,0
DA:120,0
DA:121,0
DA:124,0
DA:125,0
DA:129,0
DA:130,0
DA:133,0
DA:134,0
DA:135,0
DA:136,0
DA:139,0
DA:144,0
DA:146,0
DA:147,0
DA:150,0
DA:153,0
DA:154,0
DA:155,0
DA:158,0
DA:162,0
DA:163,0
DA:165,0
DA:170,0
DA:171,0
DA:172,0
DA:175,0
DA:176,0
DA:177,0
DA:179,0
DA:181,0
DA:182,0
DA:185,0
DA:186,0
DA:187,0
DA:188,0
DA:190,0
DA:199,0
DA:201,0
DA:212,0
DA:213,0
DA:214,0
DA:216,0
DA:217,0
DA:219,0
DA:220,0
DA:221,0
DA:224,0
DA:227,0
DA:229,0
DA:230,0
DA:231,0
DA:235,0
DA:237,0
DA:238,0
DA:239,0
DA:240,0
DA:241,0
DA:242,0
DA:244,0
DA:245,0
DA:246,0
LF:86
LH:1
end_of_record
SF:lib\features\company\data\datasources\job_remote_data_source.dart
DA:6,0
DA:8,0
DA:9,0
DA:10,0
DA:21,0
DA:24,0
DA:35,0
DA:38,0
DA:49,0
DA:52,0
DA:63,0
DA:66,0
DA:77,0
DA:80,0
DA:91,0
DA:94,0
DA:105,0
DA:108,0
DA:119,0
DA:122,0
DA:133,0
DA:136,0
DA:141,0
DA:147,0
DA:153,0
DA:155,0
DA:156,0
LF:27
LH:0
end_of_record
SF:lib\features\company\domain\entities\create_job.dart
DA:11,0
LF:1
LH:0
end_of_record
SF:lib\features\company\data\models\job_model.dart
DA:4,0
DA:19,0
DA:20,0
DA:21,0
DA:22,0
DA:23,0
DA:24,0
DA:25,0
DA:26,0
DA:27,0
DA:28,0
DA:29,0
DA:30,0
DA:31,0
DA:32,0
DA:36,0
DA:37,0
DA:38,0
DA:39,0
DA:40,0
DA:41,0
DA:42,0
DA:43,0
DA:44,0
DA:45,0
DA:46,0
DA:47,0
DA:48,0
DA:49,0
LF:29
LH:0
end_of_record
SF:lib\features\company\data\datasources\user_remote_data_source.dart
DA:6,0
DA:8,0
DA:10,0
DA:11,0
DA:18,0
DA:25,0
DA:35,0
DA:39,0
DA:45,0
DA:52,0
DA:57,0
DA:58,0
DA:63,0
DA:68,0
DA:80,0
LF:15
LH:0
end_of_record
SF:lib\features\company\data\models\add_admin_request_model .dart
DA:4,0
DA:6,0
DA:7,0
DA:8,0
LF:4
LH:0
end_of_record
SF:lib\features\company\data\models\user_model.dart
DA:4,0
DA:11,0
DA:12,0
DA:13,0
DA:14,0
DA:15,0
DA:16,0
DA:20,0
DA:21,0
DA:22,0
DA:23,0
DA:24,0
DA:25,0
LF:13
LH:0
end_of_record
SF:lib\features\company\domain\entities\job.dart
DA:15,0
LF:1
LH:0
end_of_record
SF:lib\features\company\data\repositories\job_repository_impl.dart
DA:10,1
DA:12,0
DA:14,0
DA:16,0
DA:18,0
LF:5
LH:1
end_of_record
SF:lib\features\company\data\repositories\user_repository_impl.dart
DA:10,1
DA:12,0
DA:15,0
DA:18,0
DA:23,0
DA:26,0
DA:28,0
DA:29,0
LF:8
LH:1
end_of_record
SF:lib\features\company\domain\usecases\create_job_posting_use_case.dart
DA:7,1
DA:9,0
DA:11,0
DA:12,0
DA:16,0
LF:5
LH:1
end_of_record
SF:lib\features\company\domain\usecases\get_company_details_usecase.dart
DA:6,1
DA:8,0
DA:9,0
LF:3
LH:1
end_of_record
SF:lib\features\company\domain\usecases\get_friends_following_company_usecase.dart
DA:9,1
DA:14,0
DA:16,0
DA:17,0
DA:20,0
DA:21,0
DA:24,0
DA:25,0
DA:26,0
DA:28,0
LF:10
LH:1
end_of_record
SF:lib\features\company\domain\usecases\get_recent_job_use_case.dart
DA:7,1
DA:9,0
DA:10,0
LF:3
LH:1
end_of_record
SF:lib\features\company\domain\usecases\get_related_companies_usecase.dart
DA:6,1
DA:8,0
DA:9,0
LF:3
LH:1
end_of_record
SF:lib\features\company\data\datasources\company_remote_data_source.dart
DA:12,0
DA:38,0
DA:39,0
DA:43,0
DA:44,0
DA:45,0
DA:47,0
DA:81,0
DA:93,0
DA:94,0
DA:100,0
DA:106,0
DA:117,0
DA:120,0
DA:131,0
DA:132,0
DA:155,0
DA:168,0
DA:186,0
DA:187,0
DA:201,0
DA:203,0
DA:211,0
DA:212,0
DA:216,0
DA:218,0
DA:220,0
DA:222,0
DA:225,0
DA:226,0
DA:227,0
DA:228,0
DA:229,0
DA:230,0
DA:231,0
DA:232,0
DA:233,0
DA:234,0
DA:235,0
DA:236,0
DA:237,0
DA:238,0
DA:241,0
DA:244,0
DA:247,0
DA:249,0
DA:253,0
DA:254,0
DA:256,0
DA:257,0
DA:261,0
LF:51
LH:0
end_of_record
SF:lib\features\company\data\repositories\company_repository_impl.dart
DA:12,1
DA:14,0
DA:17,0
DA:18,0
DA:19,0
DA:20,0
DA:21,0
DA:22,0
DA:23,0
DA:24,0
DA:25,0
DA:26,0
DA:27,0
DA:28,0
DA:29,0
DA:30,0
DA:31,0
DA:32,0
DA:33,0
DA:34,0
DA:35,0
DA:36,0
DA:37,0
DA:38,0
DA:42,0
DA:45,0
DA:48,0
DA:51,0
DA:55,0
DA:56,0
DA:57,0
DA:58,0
DA:59,0
DA:60,0
DA:61,0
DA:62,0
DA:63,0
DA:64,0
DA:65,0
DA:66,0
DA:67,0
DA:68,0
DA:69,0
DA:70,0
DA:71,0
DA:72,0
DA:73,0
DA:74,0
DA:75,0
DA:78,0
DA:81,0
DA:83,0
DA:84,0
DA:85,0
DA:86,0
DA:87,0
DA:88,0
DA:89,0
DA:90,0
DA:91,0
DA:92,0
DA:93,0
DA:94,0
DA:95,0
DA:96,0
DA:97,0
DA:98,0
DA:99,0
DA:100,0
DA:101,0
DA:102,0
DA:103,0
DA:107,0
DA:109,0
DA:110,0
DA:111,0
DA:112,0
DA:113,0
DA:114,0
DA:115,0
DA:116,0
DA:117,0
DA:118,0
DA:119,0
DA:120,0
DA:121,0
DA:122,0
DA:123,0
DA:124,0
DA:125,0
LF:90
LH:1
end_of_record
SF:lib\features\company\data\models\company_edit_model.dart
DA:6,0
DA:25,0
DA:26,0
DA:27,0
DA:28,0
DA:29,0
DA:30,0
DA:31,0
DA:32,0
DA:33,0
DA:34,0
DA:35,0
DA:36,0
DA:37,0
DA:38,0
DA:39,0
DA:40,0
DA:41,0
DA:46,0
DA:48,0
DA:49,0
DA:50,0
DA:51,0
DA:52,0
DA:53,0
DA:54,0
DA:55,0
DA:56,0
DA:57,0
DA:58,0
DA:59,0
DA:60,0
DA:61,0
DA:62,0
DA:63,0
LF:35
LH:0
end_of_record
SF:lib\features\company\data\models\company_model.dart
DA:4,0
DA:28,0
DA:29,0
DA:30,0
DA:31,0
DA:32,0
DA:33,0
DA:34,0
DA:35,0
DA:36,0
DA:37,0
DA:39,0
DA:40,0
DA:41,0
DA:42,0
DA:43,0
DA:44,0
DA:45,0
DA:46,0
DA:48,0
DA:50,0
DA:52,0
DA:53,0
DA:58,0
DA:59,0
DA:60,0
DA:61,0
DA:62,0
DA:63,0
DA:64,0
DA:65,0
DA:66,0
DA:67,0
DA:68,0
DA:69,0
DA:70,0
DA:71,0
DA:72,0
DA:73,0
DA:74,0
DA:75,0
DA:76,0
DA:77,0
DA:78,0
DA:79,0
LF:45
LH:0
end_of_record
SF:lib\core\services\token_service.dart
DA:6,0
DA:7,0
DA:8,0
DA:9,0
DA:12,0
DA:13,0
DA:14,0
DA:17,0
DA:18,0
DA:19,0
DA:22,0
DA:23,0
DA:24,0
DA:26,0
DA:27,0
DA:28,0
DA:30,0
DA:31,0
DA:32,0
DA:34,0
DA:35,0
DA:36,0
DA:38,0
DA:39,0
DA:40,0
DA:42,0
DA:43,0
DA:44,0
LF:28
LH:0
end_of_record
SF:lib\features\company\domain\entities\company_update_entity.dart
DA:21,0
DA:40,0
DA:41,0
DA:42,0
DA:43,0
DA:44,0
DA:45,0
DA:46,0
DA:47,0
DA:48,0
DA:49,0
DA:50,0
DA:51,0
DA:52,0
DA:53,0
DA:54,0
DA:55,0
DA:56,0
DA:61,0
DA:62,0
DA:63,0
DA:64,0
DA:65,0
DA:66,0
DA:67,0
DA:68,0
DA:69,0
DA:70,0
DA:71,0
DA:72,0
DA:73,0
DA:74,0
DA:75,0
DA:76,0
DA:77,0
LF:35
LH:0
end_of_record
SF:lib\features\company\presentation\providers\company_create_provider.dart
DA:9,1
DA:32,2
DA:33,2
DA:34,2
DA:35,0
DA:36,0
DA:37,0
DA:38,0
DA:39,0
DA:40,0
DA:41,0
DA:42,0
DA:43,0
DA:44,0
DA:45,0
DA:46,0
DA:47,0
DA:48,0
DA:51,1
DA:52,1
DA:53,1
DA:56,1
DA:57,1
DA:58,1
DA:61,1
DA:62,1
DA:63,1
DA:66,0
DA:67,0
DA:68,0
DA:71,1
DA:72,1
DA:73,1
DA:76,0
DA:77,0
DA:78,0
DA:81,0
DA:82,0
DA:83,0
DA:86,0
DA:87,0
DA:88,0
DA:91,1
DA:92,1
DA:93,1
DA:96,0
DA:97,0
DA:98,0
DA:101,0
DA:102,0
DA:103,0
DA:106,1
DA:107,1
DA:108,1
DA:111,0
DA:112,0
DA:113,0
DA:116,1
DA:117,1
DA:118,1
DA:121,1
DA:122,1
DA:123,1
DA:126,1
DA:127,1
DA:128,1
DA:132,1
DA:133,1
DA:134,1
DA:135,1
DA:136,0
DA:137,1
DA:141,0
DA:142,0
DA:145,0
DA:147,0
DA:151,0
DA:152,0
DA:153,0
DA:155,0
DA:156,0
DA:157,0
DA:158,0
DA:159,0
DA:160,0
DA:161,0
DA:162,0
DA:163,0
DA:164,0
DA:165,0
DA:169,0
DA:170,0
DA:171,0
DA:174,0
DA:177,0
DA:178,0
LF:96
LH:36
end_of_record
SF:lib\core\errors\exceptions.dart
DA:4,0
DA:9,0
DA:14,0
DA:19,0
DA:24,0
DA:25,0
DA:26,0
DA:31,0
DA:32,0
DA:33,0
DA:38,0
DA:40,0
DA:41,0
DA:46,0
DA:51,0
DA:53,0
DA:54,0
LF:17
LH:0
end_of_record
SF:lib\core\errors\failures.dart
DA:4,3
DA:8,3
DA:11,3
DA:15,0
DA:16,0
DA:20,0
DA:21,0
DA:25,0
DA:26,0
DA:30,0
DA:31,0
DA:35,0
DA:39,0
DA:43,0
DA:44,0
DA:48,0
DA:51,0
LF:17
LH:3
end_of_record
SF:lib\features\feed\data\data_sources\feed_remote_data_source.dart
DA:66,0
DA:68,0
DA:69,0
DA:70,0
DA:74,0
DA:75,0
DA:76,0
DA:77,0
DA:78,0
DA:79,0
DA:82,0
DA:83,0
DA:84,0
DA:85,0
DA:87,0
DA:91,0
DA:97,0
DA:98,0
DA:99,0
DA:102,0
DA:106,0
DA:110,0
DA:112,0
DA:113,0
DA:114,0
DA:115,0
DA:116,0
DA:117,0
DA:119,0
DA:120,0
DA:121,0
DA:123,0
DA:124,0
DA:126,0
DA:127,0
DA:128,0
DA:133,0
DA:137,0
DA:146,0
DA:147,0
DA:149,0
DA:150,0
DA:156,0
DA:159,0
DA:162,0
DA:163,0
DA:164,0
DA:170,0
DA:171,0
DA:172,0
DA:174,0
DA:176,0
DA:177,0
DA:178,0
DA:179,0
DA:180,0
DA:181,0
DA:183,0
DA:186,0
DA:188,0
DA:192,0
DA:195,0
DA:196,0
DA:197,0
DA:199,0
DA:200,0
DA:201,0
DA:204,0
DA:205,0
DA:207,0
DA:208,0
DA:210,0
DA:211,0
DA:212,0
DA:213,0
DA:214,0
DA:216,0
DA:217,0
DA:218,0
DA:219,0
DA:220,0
DA:221,0
DA:222,0
DA:223,0
DA:224,0
DA:226,0
DA:229,0
DA:232,0
DA:233,0
DA:234,0
DA:238,0
DA:241,0
DA:242,0
DA:243,0
DA:244,0
DA:247,0
DA:249,0
DA:250,0
DA:251,0
DA:252,0
DA:254,0
DA:256,0
DA:257,0
DA:261,0
DA:264,0
DA:265,0
DA:266,0
DA:267,0
DA:268,0
DA:269,0
DA:275,0
DA:277,0
DA:278,0
DA:280,0
DA:282,0
DA:283,0
DA:287,0
DA:295,0
DA:296,0
DA:297,0
DA:298,0
DA:299,0
DA:301,0
DA:304,0
DA:307,0
DA:308,0
DA:310,0
DA:312,0
DA:313,0
DA:316,0
DA:317,0
DA:320,0
DA:321,0
DA:322,0
DA:323,0
DA:325,0
DA:327,0
DA:328,0
DA:332,0
DA:339,0
DA:340,0
DA:341,0
DA:342,0
DA:343,0
DA:344,0
DA:345,0
DA:351,0
DA:352,0
DA:353,0
DA:355,0
DA:357,0
DA:358,0
DA:362,0
DA:370,0
DA:371,0
DA:372,0
DA:373,0
DA:374,0
DA:377,0
DA:379,0
DA:380,0
DA:381,0
DA:382,0
DA:383,0
DA:384,0
DA:385,0
DA:386,0
DA:387,0
DA:389,0
DA:393,0
DA:402,0
DA:403,0
DA:406,0
DA:407,0
DA:410,0
DA:411,0
DA:413,0
DA:414,0
DA:415,0
DA:421,0
DA:422,0
DA:424,0
DA:427,0
DA:429,0
DA:430,0
DA:431,0
DA:432,0
DA:433,0
DA:434,0
DA:435,0
DA:436,0
DA:438,0
DA:441,0
DA:443,0
DA:447,0
DA:454,0
DA:455,0
DA:456,0
DA:457,0
DA:458,0
DA:459,0
DA:460,0
DA:466,0
DA:467,0
DA:470,0
DA:474,0
DA:477,0
DA:478,0
DA:479,0
DA:480,0
DA:483,0
DA:484,0
DA:486,0
DA:489,0
DA:493,0
DA:500,0
DA:501,0
DA:502,0
DA:503,0
DA:505,0
DA:508,0
DA:509,0
DA:510,0
DA:511,0
DA:512,0
DA:513,0
DA:514,0
DA:516,0
DA:517,0
DA:518,0
DA:519,0
DA:521,0
DA:522,0
DA:523,0
DA:528,0
DA:532,0
DA:534,0
DA:535,0
DA:536,0
DA:537,0
DA:540,0
DA:542,0
DA:543,0
DA:544,0
DA:545,0
DA:546,0
DA:547,0
DA:549,0
LF:248
LH:0
end_of_record
SF:lib\features\feed\data\models\comment_model.dart
DA:4,1
DA:18,0
DA:19,0
DA:20,0
DA:21,0
DA:22,0
DA:23,0
DA:24,0
DA:25,0
DA:26,0
DA:27,0
DA:29,0
DA:30,0
DA:31,0
DA:32,0
DA:33,0
DA:34,0
DA:38,0
DA:39,0
DA:40,0
DA:41,0
DA:42,0
DA:43,0
DA:44,0
DA:45,0
DA:46,0
DA:47,0
DA:48,0
DA:49,0
DA:50,0
DA:54,1
DA:67,1
DA:68,1
DA:69,1
DA:70,1
DA:71,1
DA:72,1
DA:73,1
DA:74,0
DA:75,1
DA:76,1
DA:77,1
DA:78,1
LF:43
LH:13
end_of_record
SF:lib\features\feed\domain\entities\post_entity.dart
DA:27,1
DA:52,1
DA:76,1
DA:77,1
DA:78,1
DA:79,1
DA:80,1
DA:81,1
DA:82,1
DA:83,1
DA:84,1
DA:85,1
DA:87,1
DA:88,1
DA:89,1
DA:90,1
DA:91,1
DA:92,1
DA:94,1
DA:96,1
DA:97,1
DA:98,1
DA:99,1
DA:100,1
LF:24
LH:24
end_of_record
SF:lib\features\feed\data\models\post_model.dart
DA:7,0
DA:34,0
DA:35,0
DA:36,0
DA:37,0
DA:38,0
DA:39,0
DA:40,0
DA:41,0
DA:42,0
DA:44,0
DA:45,0
DA:46,0
DA:48,0
DA:49,0
DA:50,0
DA:51,0
DA:52,0
DA:53,0
DA:54,0
DA:55,0
DA:56,0
DA:57,0
DA:58,0
DA:59,0
DA:60,0
DA:65,0
DA:66,0
DA:67,0
DA:68,0
DA:69,0
DA:70,0
DA:71,0
DA:72,0
DA:73,0
DA:74,0
DA:75,0
DA:76,0
DA:77,0
DA:78,0
DA:79,0
DA:80,0
DA:81,0
DA:82,0
DA:83,0
DA:84,0
DA:85,0
DA:86,0
DA:87,0
LF:49
LH:0
end_of_record
SF:lib\features\feed\domain\entities\comment_entity.dart
DA:14,1
LF:1
LH:1
end_of_record
SF:lib\features\feed\data\models\repost_detail_model.dart
DA:4,0
DA:11,0
DA:12,0
DA:15,0
DA:16,0
DA:17,0
DA:18,0
DA:19,0
DA:21,0
DA:22,0
DA:23,0
DA:27,0
DA:28,0
DA:29,0
DA:30,0
DA:31,0
DA:32,0
DA:33,0
DA:34,0
LF:19
LH:0
end_of_record
SF:lib\features\feed\domain\entities\sub_post_entities.dart
DA:9,0
LF:1
LH:0
end_of_record
SF:lib\features\feed\presentation\provider\feed_provider.dart
DA:39,1
DA:57,2
DA:60,2
DA:62,2
DA:65,0
DA:68,2
DA:71,0
DA:77,0
DA:78,0
DA:79,0
DA:82,0
DA:84,0
DA:85,0
DA:86,0
DA:89,1
DA:90,2
DA:91,1
DA:92,1
DA:95,1
DA:96,1
DA:97,0
DA:98,0
DA:103,1
DA:104,1
DA:105,1
DA:106,1
DA:109,2
DA:110,1
DA:111,1
DA:112,2
DA:113,3
DA:114,1
DA:115,1
DA:117,1
DA:118,2
DA:121,4
DA:122,1
DA:123,1
DA:127,0
DA:128,0
DA:129,0
DA:130,0
DA:132,3
DA:136,1
DA:141,1
DA:142,0
DA:143,0
DA:148,1
DA:149,1
DA:150,1
DA:151,1
DA:154,2
DA:159,1
DA:160,1
DA:161,2
DA:162,3
DA:163,1
DA:164,1
DA:166,1
DA:167,2
DA:168,4
DA:169,1
DA:170,1
DA:174,0
DA:175,0
DA:176,0
DA:177,0
DA:179,3
DA:183,1
DA:191,1
DA:192,1
DA:193,1
DA:195,2
DA:200,1
DA:204,1
DA:205,1
DA:206,2
DA:207,1
DA:208,1
DA:210,1
DA:211,2
DA:212,1
DA:213,1
DA:218,1
DA:221,2
DA:222,2
DA:223,1
DA:224,1
DA:225,1
DA:226,1
DA:228,1
DA:229,1
DA:231,5
DA:232,1
DA:237,1
DA:239,2
DA:240,2
DA:241,1
DA:242,1
DA:243,2
DA:244,1
DA:245,1
DA:247,1
DA:248,1
DA:249,5
DA:250,2
DA:251,5
DA:252,1
DA:257,0
DA:258,0
DA:262,1
DA:264,2
DA:265,2
DA:266,1
DA:267,1
DA:268,2
DA:269,1
DA:270,1
DA:272,1
DA:273,1
DA:274,5
DA:275,2
DA:276,5
DA:277,1
DA:282,0
DA:283,0
DA:287,1
DA:294,2
DA:302,1
DA:303,1
DA:304,3
DA:305,2
DA:307,1
DA:308,1
DA:309,5
DA:310,2
DA:311,5
DA:315,1
DA:321,1
DA:322,2
DA:327,1
DA:328,1
DA:329,1
DA:330,2
DA:332,1
DA:333,2
DA:334,3
DA:335,5
DA:336,2
DA:337,4
DA:339,1
DA:345,1
DA:350,1
DA:351,1
DA:352,1
DA:354,2
DA:356,1
DA:357,0
DA:358,0
DA:359,0
DA:360,0
DA:362,1
DA:363,1
DA:364,1
DA:365,1
DA:370,1
DA:376,2
DA:382,4
DA:383,5
DA:384,2
DA:385,5
DA:386,1
DA:388,4
DA:389,2
DA:393,1
DA:398,2
DA:403,2
DA:404,4
DA:405,5
DA:406,2
DA:407,2
DA:408,3
DA:411,2
DA:413,2
DA:416,1
DA:417,1
DA:418,3
DA:419,0
DA:421,1
DA:423,2
DA:424,2
DA:426,2
DA:429,0
DA:430,0
DA:431,0
DA:432,0
DA:433,0
DA:434,0
DA:435,0
DA:437,0
DA:438,0
DA:439,0
DA:443,1
DA:444,1
DA:445,1
DA:446,2
DA:447,1
DA:448,2
DA:452,1
DA:453,1
DA:454,1
DA:457,2
DA:459,3
DA:465,1
DA:466,1
DA:471,1
DA:472,2
DA:473,2
DA:474,1
DA:475,1
DA:476,1
DA:479,1
DA:480,2
DA:481,2
DA:482,1
DA:483,1
DA:484,2
DA:485,1
DA:486,0
DA:487,1
DA:488,0
DA:489,1
DA:490,0
DA:491,1
DA:492,1
DA:494,0
DA:497,1
DA:498,5
DA:499,1
DA:500,1
DA:501,1
LF:241
LH:197
end_of_record
SF:lib\features\feed\domain\usecases\comment_post_usecase.dart
DA:9,0
DA:11,0
DA:17,0
DA:18,0
DA:21,0
LF:5
LH:0
end_of_record
SF:lib\features\feed\domain\usecases\create_post_usecase.dart
DA:9,0
DA:10,0
DA:18,0
LF:3
LH:0
end_of_record
SF:lib\features\feed\domain\usecases\delete_comment_usecase.dart
DA:8,0
DA:10,0
DA:11,0
LF:3
LH:0
end_of_record
SF:lib\features\feed\domain\usecases\delete_post_usecase.dart
DA:8,0
DA:10,0
DA:11,0
LF:3
LH:0
end_of_record
SF:lib\features\feed\domain\usecases\edit_comment_usecase.dart
DA:8,0
DA:10,0
DA:16,0
LF:3
LH:0
end_of_record
SF:lib\features\feed\domain\usecases\edit_post_usecase.dart
DA:8,0
DA:10,0
DA:17,0
DA:18,0
LF:4
LH:0
end_of_record
SF:lib\features\feed\domain\usecases\fetch_comments_usecase.dart
DA:9,0
DA:11,0
DA:16,0
LF:3
LH:0
end_of_record
SF:lib\features\feed\domain\usecases\get_post_reactions_usecase.dart
DA:8,0
DA:10,0
DA:13,0
LF:3
LH:0
end_of_record
SF:lib\features\feed\domain\usecases\get_posts_usecase.dart
DA:10,0
DA:12,0
DA:16,0
LF:3
LH:0
end_of_record
SF:lib\features\feed\domain\usecases\get_user_posts_usecase.dart
DA:9,0
DA:11,0
DA:16,0
LF:3
LH:0
end_of_record
SF:lib\features\feed\domain\usecases\react_to_post_usecase.dart
DA:8,0
DA:10,0
DA:15,0
LF:3
LH:0
end_of_record
SF:lib\features\feed\domain\usecases\save_post_usecase.dart
DA:8,0
DA:10,0
DA:11,0
LF:3
LH:0
end_of_record
SF:lib\features\feed\domain\usecases\unsave_post_usecase.dart
DA:8,0
DA:10,0
DA:11,0
DA:12,0
LF:4
LH:0
end_of_record
SF:lib\core\utils\reaction_type.dart
DA:6,0
DA:8,0
DA:10,0
DA:12,0
DA:14,0
DA:16,0
DA:18,0
DA:26,0
DA:28,0
DA:30,0
DA:32,0
DA:34,0
DA:36,0
DA:38,0
DA:46,0
DA:48,0
DA:50,0
DA:52,0
DA:54,0
DA:56,0
DA:58,0
DA:67,0
DA:69,0
DA:71,0
DA:73,0
DA:75,0
DA:77,0
DA:79,0
DA:88,0
DA:89,0
DA:90,0
DA:91,0
DA:95,0
DA:97,0
DA:99,0
LF:35
LH:0
end_of_record
SF:lib\features\profile\domain\usecases\profile\get_profile.dart
DA:10,0
DA:12,0
DA:14,0
LF:3
LH:0
end_of_record
SF:lib\features\profile\domain\entities\certification.dart
DA:10,2
DA:18,1
DA:25,1
DA:26,0
DA:27,1
DA:28,1
DA:29,1
DA:30,1
DA:34,1
DA:35,1
DA:36,1
DA:37,1
DA:38,1
DA:39,1
DA:40,1
LF:15
LH:14
end_of_record
SF:lib\features\profile\domain\entities\education.dart
DA:13,2
DA:24,1
DA:34,1
DA:35,1
DA:36,1
DA:37,0
DA:38,1
DA:39,1
DA:40,1
DA:41,1
DA:42,1
DA:46,1
DA:47,1
DA:48,1
DA:49,1
DA:50,1
DA:51,1
DA:52,1
DA:53,1
DA:54,1
DA:55,1
LF:21
LH:20
end_of_record
SF:lib\features\profile\domain\entities\endorsement.dart
DA:7,0
DA:12,0
DA:16,0
DA:17,0
DA:18,0
DA:22,0
DA:23,0
LF:7
LH:0
end_of_record
SF:lib\features\profile\domain\entities\experience.dart
DA:14,2
DA:26,1
DA:37,1
DA:38,0
DA:39,1
DA:40,1
DA:41,1
DA:42,1
DA:43,1
DA:44,1
DA:45,1
DA:46,1
DA:50,1
DA:51,10
LF:14
LH:13
end_of_record
SF:lib\features\profile\domain\entities\profile.dart
DA:26,1
DA:46,0
DA:63,0
DA:64,0
DA:65,0
DA:66,0
DA:67,0
DA:68,0
DA:69,0
DA:70,0
DA:71,0
DA:72,0
DA:73,0
DA:74,0
DA:75,0
DA:76,0
DA:77,0
DA:78,0
DA:82,0
DA:83,0
DA:84,0
DA:85,0
DA:86,0
DA:87,0
DA:88,0
DA:89,0
DA:90,0
DA:91,0
DA:92,0
DA:93,0
DA:94,0
DA:95,0
DA:96,0
DA:97,0
DA:98,0
LF:35
LH:1
end_of_record
SF:lib\features\profile\domain\entities\skill.dart
DA:8,2
DA:13,1
DA:17,1
DA:18,0
DA:19,1
DA:23,1
DA:24,3
LF:7
LH:6
end_of_record
SF:lib\features\authentication\Domain\UseCases\register_usecase.dart
DA:12,0
DA:14,0
DA:15,0
LF:3
LH:0
end_of_record
SF:lib\features\authentication\Domain\UseCases\resend_email_usecase.dart
DA:11,0
DA:13,0
DA:14,0
LF:3
LH:0
end_of_record
SF:lib\features\authentication\Presentation\Provider\register_provider.dart
DA:10,1
DA:27,0
DA:28,0
DA:29,0
DA:30,0
DA:31,0
DA:32,0
DA:33,0
DA:34,0
DA:35,0
DA:36,0
DA:37,0
DA:38,0
DA:39,0
DA:42,0
DA:44,0
DA:45,0
DA:47,0
DA:48,0
DA:49,0
DA:51,0
DA:52,0
DA:58,1
DA:59,1
DA:60,1
DA:62,0
DA:63,0
DA:64,0
DA:67,0
DA:68,0
DA:69,0
DA:72,0
DA:73,0
DA:74,0
DA:77,0
DA:78,0
DA:79,0
DA:82,0
DA:83,0
DA:84,0
DA:87,0
DA:88,0
DA:89,0
DA:92,0
DA:93,0
DA:94,0
DA:96,0
DA:97,0
DA:98,0
DA:102,1
DA:103,2
DA:104,1
DA:105,0
DA:106,0
DA:107,0
DA:108,0
DA:111,1
DA:112,1
DA:113,1
DA:114,1
DA:121,1
DA:123,2
DA:124,1
DA:125,1
DA:126,1
DA:132,0
DA:133,0
DA:134,0
DA:135,0
DA:136,0
DA:137,0
DA:138,0
DA:139,0
DA:140,0
LF:74
LH:16
end_of_record
SF:lib\features\authentication\Domain\Entities\user_entity.dart
DA:4,1
LF:1
LH:1
end_of_record
SF:lib\features\authentication\Domain\UseCases\login_usecase.dart
DA:12,0
DA:14,0
DA:15,0
DA:18,0
DA:19,0
LF:5
LH:0
end_of_record
SF:lib\features\authentication\Domain\UseCases\forgot_password_usecase.dart
DA:11,0
DA:13,0
DA:14,0
LF:3
LH:0
end_of_record
SF:lib\features\authentication\Presentation\Provider\auth_provider.dart
DA:18,1
DA:19,1
DA:20,1
DA:30,0
DA:31,2
DA:32,2
DA:33,2
DA:34,0
DA:35,1
DA:36,0
DA:37,0
DA:38,0
DA:41,1
DA:43,2
DA:45,1
DA:46,1
DA:47,2
DA:48,1
DA:49,1
DA:52,1
DA:53,1
DA:54,1
DA:55,1
DA:56,1
DA:62,1
DA:64,2
DA:66,1
DA:67,1
DA:68,2
DA:69,1
DA:70,1
DA:73,1
DA:74,2
DA:75,1
DA:76,1
DA:83,0
DA:85,0
DA:88,0
DA:89,0
DA:93,0
DA:95,0
DA:97,0
DA:102,0
DA:105,0
DA:106,0
DA:107,0
DA:108,0
DA:113,0
DA:117,0
DA:118,0
DA:119,0
DA:120,0
DA:121,0
DA:123,0
LF:54
LH:30
end_of_record
SF:lib\features\profile\presentation\provider\profile_provider.dart
DA:92,1
DA:119,0
DA:120,2
DA:121,0
DA:122,0
DA:123,0
DA:124,0
DA:125,2
DA:126,0
DA:127,0
DA:128,2
DA:129,2
DA:130,2
DA:131,2
DA:132,0
DA:133,0
DA:136,0
DA:137,2
DA:138,2
DA:139,2
DA:140,2
DA:143,0
DA:144,0
DA:145,0
DA:146,0
DA:147,2
DA:148,2
DA:149,0
DA:150,2
DA:153,0
DA:154,0
DA:155,0
DA:158,0
DA:159,0
DA:160,0
DA:163,0
DA:164,0
DA:165,0
DA:168,0
DA:169,0
DA:170,0
DA:173,0
DA:174,0
DA:175,0
DA:178,0
DA:179,0
DA:180,0
DA:183,0
DA:184,0
DA:185,0
DA:188,0
DA:189,0
DA:190,0
DA:193,0
DA:194,0
DA:195,0
DA:198,1
DA:199,1
DA:200,1
DA:203,1
DA:204,1
DA:205,1
DA:208,1
DA:209,1
DA:210,1
DA:213,1
DA:214,1
DA:215,1
DA:218,0
DA:219,0
DA:220,0
DA:223,0
DA:224,0
DA:225,0
DA:229,0
DA:230,0
DA:231,0
DA:234,0
DA:235,0
DA:236,0
DA:239,0
DA:240,0
DA:241,0
DA:244,0
DA:245,0
DA:246,0
DA:249,0
DA:250,0
DA:251,0
DA:255,0
DA:256,0
DA:257,0
DA:260,0
DA:261,0
DA:262,0
DA:265,0
DA:266,0
DA:267,0
DA:270,0
DA:271,0
DA:272,0
DA:275,1
DA:276,1
DA:277,1
DA:280,0
DA:281,0
DA:282,0
DA:285,0
DA:286,0
DA:287,0
DA:290,1
DA:291,1
DA:292,1
DA:296,0
DA:297,0
DA:298,0
DA:301,1
DA:302,2
DA:303,1
DA:306,1
DA:307,2
DA:308,1
DA:311,1
DA:312,2
DA:313,1
DA:316,1
DA:317,2
DA:318,1
DA:322,1
DA:323,1
DA:324,1
DA:327,3
DA:329,1
DA:330,1
DA:331,2
DA:332,1
DA:334,1
DA:335,2
DA:336,2
DA:337,2
DA:338,2
DA:339,2
DA:340,2
DA:341,2
DA:342,2
DA:343,2
DA:344,2
DA:345,2
DA:346,2
DA:347,2
DA:348,2
DA:349,2
DA:350,1
DA:354,0
DA:355,0
DA:357,1
DA:362,0
DA:363,0
DA:364,0
DA:366,0
DA:367,0
DA:368,0
DA:369,0
DA:370,0
DA:372,0
DA:373,0
DA:374,0
DA:378,0
DA:381,0
DA:382,0
DA:383,0
DA:385,0
DA:386,0
DA:387,0
DA:388,0
DA:389,0
DA:391,0
DA:392,0
DA:393,0
DA:397,0
DA:401,0
DA:402,0
DA:403,0
DA:405,0
DA:406,0
DA:407,0
DA:408,0
DA:409,0
DA:411,0
DA:412,0
DA:413,0
DA:417,0
DA:420,0
DA:421,0
DA:422,0
DA:424,0
DA:425,0
DA:426,0
DA:427,0
DA:428,0
DA:430,0
DA:431,0
DA:432,0
DA:436,0
DA:440,0
DA:441,0
DA:442,0
DA:444,0
DA:445,0
DA:446,0
DA:447,0
DA:448,0
DA:450,0
DA:451,0
DA:452,0
DA:456,0
DA:460,0
DA:461,0
DA:462,0
DA:464,0
DA:465,0
DA:466,0
DA:467,0
DA:468,0
DA:470,0
DA:471,0
DA:472,0
DA:476,0
DA:480,0
DA:481,0
DA:482,0
DA:484,0
DA:485,0
DA:486,0
DA:487,0
DA:488,0
DA:490,0
DA:491,0
DA:492,0
DA:496,0
DA:500,0
DA:501,0
DA:502,0
DA:504,0
DA:505,0
DA:506,0
DA:507,0
DA:508,0
DA:510,0
DA:511,0
DA:512,0
DA:516,0
DA:520,0
DA:521,0
DA:522,0
DA:524,0
DA:525,0
DA:526,0
DA:527,0
DA:530,0
DA:532,0
DA:533,0
DA:534,0
DA:538,0
DA:542,1
DA:543,1
DA:544,1
DA:546,2
DA:547,1
DA:548,1
DA:549,2
DA:550,1
DA:552,1
DA:553,1
DA:554,1
DA:558,1
DA:562,1
DA:563,1
DA:564,1
DA:567,2
DA:568,2
DA:569,1
DA:571,2
DA:573,1
DA:574,0
DA:575,0
DA:576,0
DA:577,1
DA:579,0
DA:580,0
DA:581,0
DA:583,1
DA:587,1
DA:588,5
DA:589,1
DA:590,1
DA:592,2
DA:593,3
DA:595,1
DA:596,0
DA:597,0
DA:598,0
DA:600,1
DA:601,2
DA:602,1
DA:606,1
DA:610,1
DA:614,1
DA:615,1
DA:617,2
DA:618,1
DA:619,0
DA:620,0
DA:621,0
DA:623,1
DA:624,1
DA:625,2
DA:626,1
DA:627,3
DA:628,3
DA:630,2
DA:631,2
DA:632,1
DA:638,1
DA:642,1
DA:643,1
DA:644,1
DA:646,2
DA:647,1
DA:648,0
DA:649,0
DA:650,0
DA:652,1
DA:653,2
DA:654,2
DA:655,1
DA:659,1
DA:662,1
DA:663,5
DA:664,1
DA:665,1
DA:667,2
DA:668,3
DA:670,1
DA:671,0
DA:672,0
DA:673,0
DA:675,1
DA:676,2
DA:677,1
DA:681,1
DA:685,1
DA:689,1
DA:690,1
DA:692,2
DA:693,1
DA:694,0
DA:695,0
DA:696,0
DA:698,1
DA:699,1
DA:700,2
DA:701,1
DA:702,3
DA:703,3
DA:705,2
DA:706,2
DA:707,1
DA:713,1
DA:717,1
DA:718,1
DA:719,1
DA:721,2
DA:722,1
DA:723,0
DA:724,0
DA:725,0
DA:727,1
DA:728,2
DA:729,2
DA:730,1
DA:734,1
DA:737,1
DA:738,1
DA:739,1
DA:740,3
DA:741,1
DA:742,1
DA:744,2
DA:745,3
DA:747,1
DA:748,0
DA:749,0
DA:750,0
DA:752,1
DA:753,2
DA:754,1
DA:758,1
DA:762,1
DA:766,1
DA:767,1
DA:769,2
DA:770,1
DA:771,0
DA:772,0
DA:773,0
DA:775,1
DA:776,1
DA:777,2
DA:778,1
DA:779,3
DA:780,2
DA:781,1
DA:783,2
DA:784,2
DA:785,1
DA:791,1
DA:795,1
DA:796,1
DA:797,1
DA:799,2
DA:800,1
DA:801,0
DA:802,0
DA:803,0
DA:805,1
DA:806,2
DA:807,2
DA:808,1
DA:812,1
DA:815,1
DA:816,5
DA:817,1
DA:818,1
DA:820,5
DA:821,1
DA:822,0
DA:823,0
DA:824,0
DA:826,1
DA:827,2
DA:828,1
DA:832,1
DA:836,1
DA:837,1
DA:838,1
DA:840,2
DA:841,1
DA:842,0
DA:843,0
DA:844,0
DA:846,1
DA:847,1
DA:848,6
DA:849,2
DA:850,2
DA:851,1
DA:857,1
DA:861,1
DA:862,1
DA:863,1
DA:866,0
DA:867,0
DA:868,0
DA:869,0
DA:870,0
DA:871,0
DA:872,0
DA:873,0
DA:876,1
DA:877,1
DA:878,1
DA:880,1
DA:882,1
DA:884,1
DA:885,0
LF:476
LH:234
end_of_record
SF:lib\features\profile\domain\usecases\experience\add_experience.dart
DA:10,0
DA:12,0
DA:14,0
LF:3
LH:0
end_of_record
SF:lib\features\profile\domain\usecases\experience\update_experience.dart
DA:10,0
DA:12,0
DA:14,0
LF:3
LH:0
end_of_record
SF:lib\features\profile\domain\usecases\experience\delete_experience.dart
DA:9,0
DA:11,0
DA:13,0
LF:3
LH:0
end_of_record
SF:lib\features\profile\domain\usecases\skills\add_skill.dart
DA:10,0
DA:12,0
DA:14,0
LF:3
LH:0
end_of_record
SF:lib\features\profile\domain\usecases\skills\update_skill.dart
DA:10,0
DA:12,0
DA:14,0
LF:3
LH:0
end_of_record
SF:lib\features\profile\domain\usecases\skills\delete_skill.dart
DA:9,0
DA:11,0
DA:13,0
LF:3
LH:0
end_of_record
SF:lib\features\profile\domain\usecases\education\add_education.dart
DA:10,0
DA:12,0
DA:14,0
LF:3
LH:0
end_of_record
SF:lib\features\profile\domain\usecases\education\update_education.dart
DA:10,0
DA:12,0
DA:14,0
LF:3
LH:0
end_of_record
SF:lib\features\profile\domain\usecases\education\delete_education.dart
DA:9,0
DA:11,0
DA:13,0
LF:3
LH:0
end_of_record
SF:lib\features\profile\domain\usecases\certifications\add_certification.dart
DA:10,0
DA:12,0
DA:14,0
LF:3
LH:0
end_of_record
SF:lib\features\profile\domain\usecases\certifications\update_certification.dart
DA:10,0
DA:12,0
DA:14,0
LF:3
LH:0
end_of_record
SF:lib\features\profile\domain\usecases\certifications\delete_certification.dart
DA:9,0
DA:11,0
DA:13,0
LF:3
LH:0
end_of_record
SF:lib\features\profile\domain\usecases\profile\update_bio.dart
DA:9,0
DA:11,0
DA:13,0
LF:3
LH:0
end_of_record
SF:lib\features\profile\domain\usecases\profile\delete_cover_photo.dart
DA:9,0
DA:11,0
DA:13,0
LF:3
LH:0
end_of_record
SF:lib\features\profile\domain\usecases\profile\delete_profile_picture.dart
DA:9,0
DA:11,0
DA:13,0
LF:3
LH:0
end_of_record
SF:lib\features\profile\domain\usecases\profile\update_cover_picture.dart
DA:9,0
DA:11,0
DA:13,0
LF:3
LH:0
end_of_record
SF:lib\features\profile\domain\usecases\profile\update_headline.dart
DA:9,0
DA:11,0
DA:13,0
LF:3
LH:0
end_of_record
SF:lib\features\profile\domain\usecases\profile\update_industry.dart
DA:9,0
DA:11,0
DA:13,0
LF:3
LH:0
end_of_record
SF:lib\features\profile\domain\usecases\profile\update_location.dart
DA:9,0
DA:11,0
DA:13,0
LF:3
LH:0
end_of_record
SF:lib\features\profile\domain\usecases\profile\update_name.dart
DA:9,0
DA:11,0
DA:13,0
LF:3
LH:0
end_of_record
SF:lib\features\profile\domain\usecases\profile\update_profile_picture.dart
DA:9,0
DA:11,0
DA:13,0
LF:3
LH:0
end_of_record
SF:lib\features\profile\domain\usecases\profile\update_resume.dart
DA:9,0
DA:11,0
DA:13,0
LF:3
LH:0
end_of_record
SF:lib\core\utils\time_formatter.dart
DA:1,1
DA:2,1
DA:5,1
DA:6,2
DA:9,2
DA:10,2
DA:11,2
DA:12,2
DA:13,2
DA:14,2
DA:15,2
DA:16,2
DA:17,2
DA:18,2
DA:19,4
DA:20,2
DA:21,4
DA:23,4
LF:18
LH:18
end_of_record
