SF:lib\features\profile\presentation\provider\profile_provider.dart
DA:84,1
DA:102,0
DA:103,2
DA:104,0
DA:105,0
DA:106,0
DA:107,0
DA:108,2
DA:109,0
DA:110,0
DA:111,2
DA:112,2
DA:113,2
DA:114,2
DA:115,0
DA:116,0
DA:117,2
DA:118,2
DA:119,2
DA:120,2
DA:123,2
DA:124,2
DA:125,2
DA:126,2
DA:127,2
DA:128,2
DA:129,2
DA:132,0
DA:133,0
DA:134,0
DA:135,0
DA:136,0
DA:137,0
DA:138,0
DA:139,0
DA:140,0
DA:141,3
DA:142,3
DA:143,3
DA:144,3
DA:145,0
DA:146,0
DA:147,0
DA:148,0
DA:149,0
DA:150,0
DA:153,3
DA:154,3
DA:155,3
DA:156,3
DA:157,3
DA:158,3
DA:163,1
DA:164,1
DA:165,1
DA:169,1
DA:170,1
DA:171,1
DA:173,2
DA:174,1
DA:175,1
DA:176,2
DA:177,1
DA:179,1
DA:180,1
DA:184,1
DA:188,1
DA:189,1
DA:190,1
DA:194,1
DA:195,1
DA:196,1
DA:197,1
DA:198,1
DA:199,1
DA:200,1
DA:203,1
DA:204,1
DA:205,1
DA:209,2
DA:210,2
DA:211,1
DA:214,2
DA:216,1
DA:217,1
DA:219,2
DA:220,2
DA:221,1
DA:223,1
DA:228,0
DA:229,0
DA:230,0
DA:232,1
DA:236,1
DA:237,5
DA:238,1
DA:239,1
DA:241,5
DA:242,1
DA:243,0
DA:244,0
DA:245,0
DA:247,1
DA:248,2
DA:249,1
DA:253,1
DA:257,1
DA:258,1
DA:259,1
DA:261,2
DA:262,1
DA:263,0
DA:264,0
DA:265,0
DA:267,1
DA:268,1
DA:269,2
DA:270,7
DA:271,2
DA:272,2
DA:273,1
DA:279,1
DA:282,1
DA:283,2
DA:284,1
DA:287,1
DA:288,1
DA:289,1
DA:291,2
DA:292,1
DA:293,1
DA:294,2
DA:295,1
DA:297,1
DA:298,2
DA:299,2
DA:303,1
DA:306,1
DA:307,5
DA:308,1
DA:309,1
DA:311,5
DA:312,1
DA:313,0
DA:314,0
DA:315,0
DA:317,1
DA:318,2
DA:322,1
DA:326,1
DA:327,1
DA:328,1
DA:330,2
DA:331,1
DA:332,0
DA:333,0
DA:334,0
DA:336,1
DA:337,1
DA:338,2
DA:339,7
DA:340,2
DA:341,2
DA:347,1
DA:350,1
DA:351,2
DA:352,1
DA:355,1
DA:356,2
DA:357,1
DA:358,2
DA:359,1
DA:360,2
DA:361,2
DA:362,1
DA:367,1
DA:368,5
DA:369,5
DA:370,2
DA:371,1
DA:375,1
DA:376,1
DA:377,1
DA:379,2
DA:380,1
DA:381,0
DA:382,0
DA:383,0
DA:385,1
DA:386,1
DA:387,2
DA:388,7
DA:389,2
DA:390,2
DA:396,1
DA:399,1
DA:400,2
DA:401,1
DA:404,1
DA:405,1
DA:406,1
DA:408,2
DA:409,1
DA:410,1
DA:411,2
DA:412,1
DA:414,1
DA:415,2
DA:416,2
DA:420,1
DA:423,1
DA:424,5
DA:425,1
DA:426,1
DA:428,5
DA:429,1
DA:430,0
DA:431,0
DA:432,0
DA:434,1
DA:435,2
DA:439,1
DA:443,1
DA:444,1
DA:445,1
DA:447,2
DA:448,1
DA:449,0
DA:450,0
DA:451,0
DA:453,1
DA:454,1
DA:455,6
DA:456,2
DA:457,2
DA:463,1
DA:466,1
DA:467,2
DA:468,1
DA:471,1
DA:472,1
DA:473,1
DA:475,1
DA:478,3
DA:480,1
DA:481,1
DA:482,2
DA:483,3
DA:484,1
DA:486,1
DA:487,1
DA:488,2
DA:489,2
DA:490,2
DA:491,2
DA:492,2
DA:493,2
DA:494,2
DA:495,2
DA:496,2
DA:497,2
DA:498,2
DA:499,2
DA:500,2
DA:501,2
DA:502,2
DA:503,1
DA:507,0
DA:508,0
DA:509,0
DA:511,1
DA:516,1
DA:517,1
DA:518,1
DA:520,1
DA:522,1
DA:524,1
DA:525,0
LF:278
LH:226
end_of_record
SF:lib\features\profile\domain\entities\experience.dart
DA:14,2
DA:26,1
DA:37,1
DA:38,0
DA:39,1
DA:40,1
DA:41,1
DA:42,1
DA:43,1
DA:44,1
DA:45,1
DA:46,1
DA:50,1
DA:51,10
LF:14
LH:13
end_of_record
SF:lib\features\profile\domain\entities\education.dart
DA:13,2
DA:24,1
DA:34,1
DA:35,1
DA:36,1
DA:37,0
DA:38,1
DA:39,1
DA:40,1
DA:41,1
DA:42,1
DA:46,1
DA:47,1
DA:48,1
DA:49,1
DA:50,1
DA:51,1
DA:52,1
DA:53,1
DA:54,1
DA:55,1
LF:21
LH:20
end_of_record
SF:lib\features\profile\domain\entities\skill.dart
DA:8,2
DA:13,1
DA:17,1
DA:18,0
DA:19,1
DA:23,1
DA:24,3
LF:7
LH:6
end_of_record
SF:lib\features\profile\domain\entities\certification.dart
DA:10,2
DA:18,1
DA:25,1
DA:26,0
DA:27,1
DA:28,1
DA:29,1
DA:30,1
DA:34,1
DA:35,1
DA:36,1
DA:37,1
DA:38,1
DA:39,1
DA:40,1
LF:15
LH:14
end_of_record
SF:lib\features\profile\domain\entities\profile.dart
DA:26,1
DA:46,0
DA:63,0
DA:64,0
DA:65,0
DA:66,0
DA:67,0
DA:68,0
DA:69,0
DA:70,0
DA:71,0
DA:72,0
DA:73,0
DA:74,0
DA:75,0
DA:76,0
DA:77,0
DA:78,0
DA:82,0
DA:83,0
DA:84,0
DA:85,0
DA:86,0
DA:87,0
DA:88,0
DA:89,0
DA:90,0
DA:91,0
DA:92,0
DA:93,0
DA:94,0
DA:95,0
DA:96,0
DA:97,0
DA:98,0
LF:35
LH:1
end_of_record
SF:lib\features\profile\domain\usecases\profile\get_profile.dart
DA:10,0
DA:12,0
DA:14,0
LF:3
LH:0
end_of_record
SF:lib\features\profile\domain\usecases\experience\add_experience.dart
DA:10,0
DA:12,0
DA:14,0
LF:3
LH:0
end_of_record
SF:lib\features\profile\domain\usecases\experience\update_experience.dart
DA:10,0
DA:12,0
DA:14,0
LF:3
LH:0
end_of_record
SF:lib\features\profile\domain\usecases\experience\delete_experience.dart
DA:9,0
DA:11,0
DA:13,0
LF:3
LH:0
end_of_record
SF:lib\features\profile\domain\usecases\skills\add_skill.dart
DA:10,0
DA:12,0
DA:14,0
LF:3
LH:0
end_of_record
SF:lib\features\profile\domain\usecases\skills\update_skill.dart
DA:10,0
DA:12,0
DA:14,0
LF:3
LH:0
end_of_record
SF:lib\features\profile\domain\usecases\skills\delete_skill.dart
DA:9,0
DA:11,0
DA:13,0
LF:3
LH:0
end_of_record
SF:lib\features\profile\domain\usecases\education\add_education.dart
DA:10,0
DA:12,0
DA:14,0
LF:3
LH:0
end_of_record
SF:lib\features\profile\domain\usecases\education\update_education.dart
DA:10,0
DA:12,0
DA:14,0
LF:3
LH:0
end_of_record
SF:lib\features\profile\domain\usecases\education\delete_education.dart
DA:9,0
DA:11,0
DA:13,0
LF:3
LH:0
end_of_record
SF:lib\features\profile\domain\usecases\certifications\add_certification.dart
DA:10,0
DA:12,0
DA:14,0
LF:3
LH:0
end_of_record
SF:lib\features\profile\domain\usecases\certifications\update_certification.dart
DA:10,0
DA:12,0
DA:14,0
LF:3
LH:0
end_of_record
SF:lib\features\profile\domain\usecases\certifications\delete_certification.dart
DA:9,0
DA:11,0
DA:13,0
LF:3
LH:0
end_of_record
SF:lib\features\profile\domain\usecases\profile\update_bio.dart
DA:9,0
DA:11,0
DA:13,0
LF:3
LH:0
end_of_record
SF:lib\core\errors\failures.dart
DA:4,1
DA:6,0
DA:7,0
DA:12,1
DA:16,0
DA:20,0
DA:24,0
LF:7
LH:2
end_of_record
SF:lib\features\profile\domain\entities\endorsement.dart
DA:7,0
DA:12,0
DA:16,0
DA:17,0
DA:18,0
DA:22,0
DA:23,0
LF:7
LH:0
end_of_record
